<?xml version="1.0" encoding="UTF-8"?>
<testng-results skipped="0" failed="0" ignored="0" total="1" passed="1">
  <reporter-output>
  </reporter-output>
  <suite name="Default suite" duration-ms="7950" started-at="2019-07-29T11:47:35Z" finished-at="2019-07-29T11:47:43Z">
    <groups>
    </groups>
    <test name="Default test" duration-ms="7950" started-at="2019-07-29T11:47:35Z" finished-at="2019-07-29T11:47:43Z">
      <class name="NewTest">
        <test-method status="PASS" signature="beforeClass()[pri:0, instance:NewTest@61832929]" name="beforeClass" is-config="true" duration-ms="6047" started-at="2019-07-29T11:47:35Z" finished-at="2019-07-29T11:47:41Z">
          <reporter-output>
          </reporter-output>
        </test-method> <!-- beforeClass -->
        <test-method status="PASS" signature="bmthd()[pri:0, instance:NewTest@61832929]" name="bmthd" is-config="true" duration-ms="13" started-at="2019-07-29T11:47:41Z" finished-at="2019-07-29T11:47:41Z">
          <reporter-output>
          </reporter-output>
        </test-method> <!-- bmthd -->
        <test-method status="PASS" signature="openMyBlog()[pri:0, instance:NewTest@61832929]" name="openMyBlog" duration-ms="1862" started-at="2019-07-29T11:47:41Z" finished-at="2019-07-29T11:47:43Z">
          <reporter-output>
          </reporter-output>
        </test-method> <!-- openMyBlog -->
      </class> <!-- NewTest -->
    </test> <!-- Default test -->
  </suite> <!-- Default suite -->
</testng-results>
